MPASM 5.87                        LAB2-1.ASM   2-21-2026  15:37:22         PAGE  1


LOC  OBJECT CODE     LINE SOURCE TEXT
  VALUE

Warning[205]: Found directive in column 1. (list)
                      00001 list p=16f628
                      00002 #include <p16f628a.inc>
                      00001         LIST
                      00002 
                      00003 ;==========================================================================
                      00004 ; Build date : Jan 06 2020
                      00005 ;  MPASM PIC16F628A processor include
                      00006 ; 
                      00007 ;  (c) Copyright 1999-2020 Microchip Technology, All rights reserved
                      00008 ;==========================================================================
                      00009 
                      00386         LIST
                      00003         
Warning[205]: Found directive in column 1. (__CONFIG)
2007   3F6A           00004 __CONFIG _HS_OSC & _WDT_OFF & _MCLRE_ON & _CP_OFF & _BOREN_ON & _LVP_OFF
                      00005 
                      00006 #define RS  PORTA, 0
                      00007 #define E   PORTA, 1
                      00008     
  00000020            00009 COM     equ 0x20
  00000021            00010 DAT     equ 0x21
  00000022            00011 count1  equ 0x22
  00000023            00012 count2  equ 0x23
  00000024            00013 count3  equ 0x24
                      00014 
                      00015         org 0x000
0000   3007           00016         movlw   0x07
0001   009F           00017         movwf   CMCON
0002   2???           00018         call    init_lcd
0003   3043           00019         movlw   "C"
0004   2???           00020         call    wr_data
0005   306F           00021         movlw   "o"
0006   2???           00022         call    wr_data
0007   3045           00023         movlw   "E"
0008   2???           00024         call    wr_data
0009   2???           00025         goto    $
                      00026 
000A                  00027 init_lcd
000A   1683 1303      00028         banksel TRISA
000C   3000           00029         movlw   0x00
Message[302]: Register in operand not in bank 0.  Ensure that bank bits are correct.
000D   0085           00030         movwf   TRISA
Message[302]: Register in operand not in bank 0.  Ensure that bank bits are correct.
000E   0086           00031         movwf   TRISB
000F   1283 1303      00032         banksel PORTA
0011   0185           00033         clrf    PORTA
0012   0186           00034         clrf    PORTB
0013   2???           00035         call    delay
0014   3033           00036         movlw   b'00110011'     ;Set LCD status
0015   2???           00037         call    wr_ins          ;Write command to LCD
0016   3032           00038         movlw   b'00110010'     ;Set LCD status
0017   2???           00039         call    wr_ins
MPASM 5.87                        LAB2-1.ASM   2-21-2026  15:37:22         PAGE  2


LOC  OBJECT CODE     LINE SOURCE TEXT
  VALUE

0018   3028           00040         movlw   b'00101000'     ;4-bit mode, 2 lines, 5x7 char
0019   2???           00041         call    wr_ins
001A   300C           00042         movlw   b'00001100'     ;turn on LCD, cursor off
001B   2???           00043         call    wr_ins
001C   3006           00044         movlw   b'00000110'     ;entry mode, incr addr
001D   2???           00045         call    wr_ins
001E   3001           00046         movlw   b'00000001'     ;clear DDRAM
001F   2???           00047         call    wr_ins
0020   0008           00048         return
                      00049         
0021                  00050 wr_ins
0021   1005           00051         bcf RS                  ;RS = 0
0022   1485           00052         bsf E                   ;E = 1
0023   00A0           00053         movwf   COM             ;Get paramter from w
0024   39F0           00054         andlw   0xf0            ;Mask low nibble
0025   0086           00055         movwf   PORTB           ;Send to LCD
0026   2???           00056         call    enable          ;Enable LCD
0027   0E20           00057         swapf   COM,W           ;Swap low-high nibble
0028   39F0           00058         andlw   0xf0            ;Mask low nibble
0029   0086           00059         movwf   PORTB           ;Send to LCD
002A   2???           00060         call    enable          ;Enable LCD
002B   0008           00061         return
                      00062 
002C                  00063 wr_data
002C   1405           00064         bsf RS                  ;RS = 1
002D   1485           00065         bsf E                   ;E = 1
002E   00A1           00066         movwf   DAT             ;Get parameter from W
002F   39F0           00067         andlw   0xf0            ;Mask low nibble
0030   0086           00068         movwf   PORTB           ;Send to LCD
0031   2???           00069         call    enable
0032   0E21           00070         swapf   DAT,W           ;Swap low-high nibble
0033   39F0           00071         andlw   0xf0            ;Mask low nibble
0034   0086           00072         movwf   PORTB
0035   2???           00073         call    enable
0036   0008           00074         return
                      00075 
0037                  00076 enable  
0037   1085           00077         bcf E                   ;E = 0
0038   2???           00078         call delay
0039   1485           00079         bsf E                   ;E = 1
003A   0008           00080         return
                      00081 
003B                  00082 delay   
003B   3032           00083         movlw   .50             ;W = 50 (demical)
003C   00A2           00084         movwf   count1
                      00085 
003D   01A3           00086 loop1   clrf    count2
Message[305]: Using default destination of 1 (file).
003E   0BA3           00087 loop2   decfsz  count2
003F   2???           00088         goto    loop2
Message[305]: Using default destination of 1 (file).
0040   0BA2           00089         decfsz  count1
0041   2???           00090         goto    loop1
MPASM 5.87                        LAB2-1.ASM   2-21-2026  15:37:22         PAGE  3


LOC  OBJECT CODE     LINE SOURCE TEXT
  VALUE

0042   0008           00091         return
3F6A                  00092         end
MPASM 5.87                        LAB2-1.ASM   2-21-2026  15:37:22         PAGE  4


SYMBOL TABLE
  LABEL                             VALUE 

ADDEN                             00000003
ADEN                              00000003
BRGH                              00000002
C                                 00000000
C1INV                             00000004
C1OUT                             00000006
C2INV                             00000005
C2OUT                             00000007
CCP1CON                           00000017
CCP1IE                            00000002
CCP1IF                            00000002
CCP1M0                            00000000
CCP1M1                            00000001
CCP1M2                            00000002
CCP1M3                            00000003
CCP1X                             00000005
CCP1Y                             00000004
CCPR1                             00000015
CCPR1H                            00000016
CCPR1L                            00000015
CIS                               00000003
CM0                               00000000
CM1                               00000001
CM2                               00000002
CMCON                             0000001F
CMIE                              00000006
CMIF                              00000006
COM                               00000020
CREN                              00000004
CSRC                              00000007
DAT                               00000021
DATA_CP_OFF                       00003FFF
DATA_CP_ON                        00003EFF
DC                                00000001
E                                 PORTA, 1
EEADR                             0000009B
EECON1                            0000009C
EECON2                            0000009D
EEDATA                            0000009A
EEIE                              00000007
EEIF                              00000007
F                                 00000001
FERR                              00000002
FSR                               00000004
GIE                               00000007
INDF                              00000000
INTCON                            0000000B
INTE                              00000004
INTEDG                            00000006
INTF                              00000001
IRP                               00000007
NOT_BO                            00000000
NOT_BOD                           00000000
MPASM 5.87                        LAB2-1.ASM   2-21-2026  15:37:22         PAGE  5


SYMBOL TABLE
  LABEL                             VALUE 

NOT_BOR                           00000000
NOT_PD                            00000003
NOT_POR                           00000001
NOT_RBPU                          00000007
NOT_T1SYNC                        00000002
NOT_TO                            00000004
OERR                              00000001
OPTION_REG                        00000081
OSCF                              00000003
PCL                               00000002
PCLATH                            0000000A
PCON                              0000008E
PEIE                              00000006
PIE1                              0000008C
PIR1                              0000000C
PORTA                             00000005
PORTB                             00000006
PR2                               00000092
PS0                               00000000
PS1                               00000001
PS2                               00000002
PSA                               00000003
RA0                               00000000
RA1                               00000001
RA2                               00000002
RA3                               00000003
RA4                               00000004
RA5                               00000005
RA6                               00000006
RA7                               00000007
RB0                               00000000
RB1                               00000001
RB2                               00000002
RB3                               00000003
RB4                               00000004
RB5                               00000005
RB6                               00000006
RB7                               00000007
RBIE                              00000003
RBIF                              00000000
RCIE                              00000005
RCIF                              00000005
RCREG                             0000001A
RCSTA                             00000018
RD                                00000000
RP0                               00000005
RP1                               00000006
RS                                PORTA, 0
RX9                               00000006
RX9D                              00000000
SPBRG                             00000099
SPEN                              00000007
SREN                              00000005
MPASM 5.87                        LAB2-1.ASM   2-21-2026  15:37:22         PAGE  6


SYMBOL TABLE
  LABEL                             VALUE 

STATUS                            00000003
SYNC                              00000004
T0CS                              00000005
T0IE                              00000005
T0IF                              00000002
T0SE                              00000004
T1CKPS0                           00000004
T1CKPS1                           00000005
T1CON                             00000010
T1OSCEN                           00000003
T2CKPS0                           00000000
T2CKPS1                           00000001
T2CON                             00000012
TMR0                              00000001
TMR0IE                            00000005
TMR0IF                            00000002
TMR1                              0000000E
TMR1CS                            00000001
TMR1H                             0000000F
TMR1IE                            00000000
TMR1IF                            00000000
TMR1L                             0000000E
TMR1ON                            00000000
TMR2                              00000011
TMR2IE                            00000001
TMR2IF                            00000001
TMR2ON                            00000002
TOUTPS0                           00000003
TOUTPS1                           00000004
TOUTPS2                           00000005
TOUTPS3                           00000006
TRISA                             00000085
TRISA0                            00000000
TRISA1                            00000001
TRISA2                            00000002
TRISA3                            00000003
TRISA4                            00000004
TRISA5                            00000005
TRISA6                            00000006
TRISA7                            00000007
TRISB                             00000086
TRISB0                            00000000
TRISB1                            00000001
TRISB2                            00000002
TRISB3                            00000003
TRISB4                            00000004
TRISB5                            00000005
TRISB6                            00000006
TRISB7                            00000007
TRMT                              00000001
TX9                               00000006
TX9D                              00000000
TXEN                              00000005
MPASM 5.87                        LAB2-1.ASM   2-21-2026  15:37:22         PAGE  7


SYMBOL TABLE
  LABEL                             VALUE 

TXIE                              00000004
TXIF                              00000004
TXREG                             00000019
TXSTA                             00000098
VR0                               00000000
VR1                               00000001
VR2                               00000002
VR3                               00000003
VRCON                             0000009F
VREN                              00000007
VROE                              00000006
VRR                               00000005
W                                 00000000
WR                                00000001
WREN                              00000002
WRERR                             00000003
Z                                 00000002
_.org_0_0009                      00000009
_BODEN_OFF                        00003FBF
_BODEN_ON                         00003FFF
_BOREN_OFF                        00003FBF
_BOREN_ON                         00003FFF
_CONFIG                           00002007
_CPD_OFF                          00003FFF
_CPD_ON                           00003EFF
_CP_OFF                           00003FFF
_CP_ON                            00001FFF
_DEVID1                           00002006
_ER_OSC_CLKOUT                    00003FFF
_ER_OSC_NOCLKOUT                  00003FFE
_EXTCLK_OSC                       00003FEF
_FOSC_ECIO                        00003FEF
_FOSC_EXTRCCLK                    00003FFF
_FOSC_EXTRCIO                     00003FFE
_FOSC_HS                          00003FEE
_FOSC_INTOSCCLK                   00003FFD
_FOSC_INTOSCIO                    00003FFC
_FOSC_LP                          00003FEC
_FOSC_XT                          00003FED
_HS_OSC                           00003FEE
_IDLOC0                           00002000
_IDLOC1                           00002001
_IDLOC2                           00002002
_IDLOC3                           00002003
_INTOSC_OSC_CLKOUT                00003FFD
_INTOSC_OSC_NOCLKOUT              00003FFC
_INTRC_OSC_CLKOUT                 00003FFD
_INTRC_OSC_NOCLKOUT               00003FFC
_LP_OSC                           00003FEC
_LVP_OFF                          00003F7F
_LVP_ON                           00003FFF
_MCLRE_OFF                        00003FDF
_MCLRE_ON                         00003FFF
MPASM 5.87                        LAB2-1.ASM   2-21-2026  15:37:22         PAGE  8


SYMBOL TABLE
  LABEL                             VALUE 

_PWRTE_OFF                        00003FFF
_PWRTE_ON                         00003FF7
_RC_OSC_CLKOUT                    00003FFF
_RC_OSC_NOCLKOUT                  00003FFE
_WDTE_OFF                         00003FFB
_WDTE_ON                          00003FFF
_WDT_OFF                          00003FFB
_WDT_ON                           00003FFF
_XT_OSC                           00003FED
__16F628A                         00000001
count1                            00000022
count2                            00000023
count3                            00000024
delay                             0000003B
enable                            00000037
init_lcd                          0000000A
loop1                             0000003D
loop2                             0000003E
wr_data                           0000002C
wr_ins                            00000021

Errors   :     0
Warnings :     2 reported,     0 suppressed
Messages :     4 reported,     0 suppressed

