MPASM 5.87                        LAB3-1.ASM   2-21-2026  15:40:12         PAGE  1


LOC  OBJECT CODE     LINE SOURCE TEXT
  VALUE

                      00001 #include "p16f628.inc"
                      00001         LIST
                      00002 
                      00003 ;==========================================================================
                      00004 ; Build date : Jan 06 2020
                      00005 ;  MPASM PIC16F628 processor include
                      00006 ; 
                      00007 ;  (c) Copyright 1999-2020 Microchip Technology, All rights reserved
                      00008 ;==========================================================================
                      00009 
Message[301]: MESSAGE: (Processor-header file mismatch.  Verify selected processor.)
                      00382         LIST
Warning[205]: Found directive in column 1. (__CONFIG)
2007   3FE2           00002 __CONFIG _CP_OFF & _WDT_OFF & _PWRTE_ON & _HS_OSC
  00000020            00003 ctr equ 0x20
                      00004     org 0x00
0000   2???           00005     goto main
                      00006     org 0x004
0004   2???           00007     goto isr
                      00008     
0005                  00009 main 
0005   30FF           00010     movlw       0xff
0006   1683 1303      00011     banksel     TRISB
Message[302]: Register in operand not in bank 0.  Ensure that bank bits are correct.
0008   0186           00012     clrf        TRISB
0009   3085           00013     movlw       TRISA
000A   3084           00014     movlw       b'10000100'     ; Prescale (1:32)
000B   1683 1303      00015     banksel     OPTION_REG
Message[302]: Register in operand not in bank 0.  Ensure that bank bits are correct.
000D   0081           00016     movwf       OPTION_REG
000E   1283 1303      00017     banksel     PORTB
                      00018 
0010   0186           00019     clrf PORTB          ;output = 0
0011   168B           00020     bsf INTCON,T0IE     ;enable TMR0 interrupt
                      00021     
                      00022     ; Basic 4 Mhz
                      00023     ; Auto Prescale 4/4 = 1 Mhz
                      00024     ; 1 Mhz = 1 us
                      00025     ; 1 us * 32 = 32 us
                      00026     ; 5000 us / 32 us = 156.25 ticks
                      00027     ; 256 - 156 = 100 
                      00028     
0012   3064           00029     movlw .100          ;timer value = 100 (decimal)->(4.992 mS)
0013   0081           00030     movwf TMR0          ;start timer
0014   178B           00031     bsf INTCON,GIE      ;enable Global interrupt
0015   01A0           00032     clrf ctr
                      00033         
0016                  00034 loop
0016   2???           00035     goto loop           ;wait for timer overflow
0017                  00036 isr
0017   3064           00037     movlw .100          ;timer value for 5mS next int. 
0018   0081           00038     movwf TMR0          ;start timer
0019   110B           00039     bcf INTCON, T0IF    ;clear TMR0 int. flag
MPASM 5.87                        LAB3-1.ASM   2-21-2026  15:40:12         PAGE  2


LOC  OBJECT CODE     LINE SOURCE TEXT
  VALUE

                      00040     
                      00041     ; 1 Interrupt happens every 4.992 ms
                      00042     ; 1 Sec (1000 ms) : 1000 / 4.992 = 200.32 Interrupt
                      00043     
001A   0AA0           00044     incf ctr,F          ;add 1 to our software counter
001B   30C8           00045     movlw .200          ;200 x 4.992 mS = 1 Sec.
001C   0220           00046     subwf ctr, W        ;subtract W from our counter
001D   1D03           00047     btfss STATUS, Z     ;is the result Zero? (Does ctr == 196?)
001E   0009           00048     retfie              ;NO: Not a full second yet, go back to main loop
001F   0986           00049     comf PORTB,F        ;YES: 1 second has passed! Toggle all bits on PORTB
0020   01A0           00050     clrf ctr            ;Reset software counter for the next second
0021   0009           00051     retfie              ;Return to main loop
3FE2                  00052     end
MPASM 5.87                        LAB3-1.ASM   2-21-2026  15:40:12         PAGE  3


SYMBOL TABLE
  LABEL                             VALUE 

ADDEN                             00000003
ADEN                              00000003
BRGH                              00000002
C                                 00000000
C1INV                             00000004
C1OUT                             00000006
C2INV                             00000005
C2OUT                             00000007
CCP1CON                           00000017
CCP1IE                            00000002
CCP1IF                            00000002
CCP1M0                            00000000
CCP1M1                            00000001
CCP1M2                            00000002
CCP1M3                            00000003
CCP1X                             00000005
CCP1Y                             00000004
CCPR1                             00000015
CCPR1H                            00000016
CCPR1L                            00000015
CIS                               00000003
CM0                               00000000
CM1                               00000001
CM2                               00000002
CMCON                             0000001F
CMIE                              00000006
CMIF                              00000006
CREN                              00000004
CSRC                              00000007
DATA_CP_OFF                       00003FFF
DATA_CP_ON                        00003EFF
DC                                00000001
EEADR                             0000009B
EECON1                            0000009C
EECON2                            0000009D
EEDATA                            0000009A
EEIE                              00000007
EEIF                              00000007
F                                 00000001
FERR                              00000002
FSR                               00000004
GIE                               00000007
INDF                              00000000
INTCON                            0000000B
INTE                              00000004
INTEDG                            00000006
INTF                              00000001
IRP                               00000007
NOT_BO                            00000000
NOT_BOD                           00000000
NOT_BOR                           00000000
NOT_PD                            00000003
NOT_POR                           00000001
MPASM 5.87                        LAB3-1.ASM   2-21-2026  15:40:12         PAGE  4


SYMBOL TABLE
  LABEL                             VALUE 

NOT_RBPU                          00000007
NOT_T1SYNC                        00000002
NOT_TO                            00000004
OERR                              00000001
OPTION_REG                        00000081
OSCF                              00000003
PCL                               00000002
PCLATH                            0000000A
PCON                              0000008E
PEIE                              00000006
PIE1                              0000008C
PIR1                              0000000C
PORTA                             00000005
PORTB                             00000006
PR2                               00000092
PS0                               00000000
PS1                               00000001
PS2                               00000002
PSA                               00000003
RA0                               00000000
RA1                               00000001
RA2                               00000002
RA3                               00000003
RA4                               00000004
RA5                               00000005
RA6                               00000006
RA7                               00000007
RB0                               00000000
RB1                               00000001
RB2                               00000002
RB3                               00000003
RB4                               00000004
RB5                               00000005
RB6                               00000006
RB7                               00000007
RBIE                              00000003
RBIF                              00000000
RCIE                              00000005
RCIF                              00000005
RCREG                             0000001A
RCSTA                             00000018
RD                                00000000
RP0                               00000005
RP1                               00000006
RX9                               00000006
RX9D                              00000000
SPBRG                             00000099
SPEN                              00000007
SREN                              00000005
STATUS                            00000003
SYNC                              00000004
T0CS                              00000005
T0IE                              00000005
MPASM 5.87                        LAB3-1.ASM   2-21-2026  15:40:12         PAGE  5


SYMBOL TABLE
  LABEL                             VALUE 

T0IF                              00000002
T0SE                              00000004
T1CKPS0                           00000004
T1CKPS1                           00000005
T1CON                             00000010
T1OSCEN                           00000003
T2CKPS0                           00000000
T2CKPS1                           00000001
T2CON                             00000012
TMR0                              00000001
TMR0IE                            00000005
TMR0IF                            00000002
TMR1                              0000000E
TMR1CS                            00000001
TMR1H                             0000000F
TMR1IE                            00000000
TMR1IF                            00000000
TMR1L                             0000000E
TMR1ON                            00000000
TMR2                              00000011
TMR2IE                            00000001
TMR2IF                            00000001
TMR2ON                            00000002
TOUTPS0                           00000003
TOUTPS1                           00000004
TOUTPS2                           00000005
TOUTPS3                           00000006
TRISA                             00000085
TRISA0                            00000000
TRISA1                            00000001
TRISA2                            00000002
TRISA3                            00000003
TRISA4                            00000004
TRISA5                            00000005
TRISA6                            00000006
TRISA7                            00000007
TRISB                             00000086
TRISB0                            00000000
TRISB1                            00000001
TRISB2                            00000002
TRISB3                            00000003
TRISB4                            00000004
TRISB5                            00000005
TRISB6                            00000006
TRISB7                            00000007
TRMT                              00000001
TX9                               00000006
TX9D                              00000000
TXEN                              00000005
TXIE                              00000004
TXIF                              00000004
TXREG                             00000019
TXSTA                             00000098
MPASM 5.87                        LAB3-1.ASM   2-21-2026  15:40:12         PAGE  6


SYMBOL TABLE
  LABEL                             VALUE 

VR0                               00000000
VR1                               00000001
VR2                               00000002
VR3                               00000003
VRCON                             0000009F
VREN                              00000007
VROE                              00000006
VRR                               00000005
W                                 00000000
WR                                00000001
WREN                              00000002
WRERR                             00000003
Z                                 00000002
_BODEN_OFF                        00003FBF
_BODEN_ON                         00003FFF
_BOREN_OFF                        00003FBF
_BOREN_ON                         00003FFF
_CONFIG                           00002007
_CPD_OFF                          00003FFF
_CPD_ON                           00003EFF
_CP_50                            00002BFF
_CP_75                            000017FF
_CP_ALL                           000003FF
_CP_OFF                           00003FFF
_DEVID1                           00002006
_ER_OSC_CLKOUT                    00003FFF
_ER_OSC_NOCLKOUT                  00003FFE
_EXTCLK_OSC                       00003FEF
_FOSC_ECIO                        00003FEF
_FOSC_ERCLK                       00003FFF
_FOSC_ERIO                        00003FFE
_FOSC_HS                          00003FEE
_FOSC_INTOSCCLK                   00003FFD
_FOSC_INTOSCIO                    00003FFC
_FOSC_LP                          00003FEC
_FOSC_XT                          00003FED
_HS_OSC                           00003FEE
_IDLOC0                           00002000
_IDLOC1                           00002001
_IDLOC2                           00002002
_IDLOC3                           00002003
_INTRC_OSC_CLKOUT                 00003FFD
_INTRC_OSC_NOCLKOUT               00003FFC
_LP_OSC                           00003FEC
_LVP_OFF                          00003F7F
_LVP_ON                           00003FFF
_MCLRE_OFF                        00003FDF
_MCLRE_ON                         00003FFF
_PWRTE_OFF                        00003FFF
_PWRTE_ON                         00003FF7
_WDTE_OFF                         00003FFB
_WDTE_ON                          00003FFF
_WDT_OFF                          00003FFB
MPASM 5.87                        LAB3-1.ASM   2-21-2026  15:40:12         PAGE  7


SYMBOL TABLE
  LABEL                             VALUE 

_WDT_ON                           00003FFF
_XT_OSC                           00003FED
__16F628A                         00000001
ctr                               00000020
isr                               00000017
loop                              00000016
main                              00000005

Errors   :     0
Warnings :     1 reported,     0 suppressed
Messages :     3 reported,     0 suppressed

